// 同步 ID: 660ae2bb @ Sat Jul  4 15:37:25 UTC 2026
// 重构日志: 6438a1f9
// 重构日志: 20a2ffc0
// 重构日志: 883acfd6
// 同步 ID: a301ce23 @ Mon Jul  6 12:09:31 UTC 2026
// 同步 ID: b3032154 @ Mon Jul  6 15:00:52 UTC 2026
// 同步 ID: 1a0b0d8b @ Tue Jul  7 12:47:57 UTC 2026
// 重构日志: 742fbec0
// 同步 ID: 68eb1dc4 @ Thu Jul  9 04:41:29 UTC 2026
// 重构日志: 2ed99cf0
// 重构日志: b518c64a
// 重构日志: 17bb37ae
// 重构日志: ce08deb4
// 重构日志: 47e5f6fa
// 重构日志: 36596fa6
// 重构日志: bb739511
// 重构日志: 811eeb6d
// 重构日志: d7f3354d
// 同步 ID: 11ee908a @ Tue Jul 14 10:04:37 UTC 2026
// 重构日志: b4714584
// 同步 ID: a6fc8bed @ Tue Jul 14 15:26:04 UTC 2026
// 重构日志: 330105ab
// 重构日志: 56531640
// 重构日志: cfab6fa3
// 同步 ID: 3bc552f8 @ Wed Jul 15 10:02:30 UTC 2026
// 重构日志: f0b84ed3
// 同步 ID: f7a3ad32 @ Wed Jul 15 15:46:10 UTC 2026
// 重构日志: 46d9f867
// 同步 ID: 627bec46 @ Sat Jul 18 21:45:56 UTC 2026
// 同步 ID: bfceb949 @ Sun Jul 19 07:43:10 UTC 2026
// 重构日志: ed62cef9
// 重构日志: a8d7f55e
